<?xml version="1.0" encoding="UTF-8"?>
<!-- Generated by org.testng.reporters.JUnitXMLReporter -->
<testsuite hostname="DESKTOP-GJP5FA5" ignored="0" name="Default test" tests="3" failures="0" timestamp="09 Jul 2021 11:11:07 GMT" time="7.566" errors="0">
  <testcase name="postSSH" time="4.789" classname="training.GitHubSSHKey"/>
  <testcase name="getSSHKey" time="1.015" classname="training.GitHubSSHKey"/>
  <testcase name="deleteSShKey" time="0.854" classname="training.GitHubSSHKey"/>
</testsuite> <!-- Default test -->
